<?xml version="1.0" encoding="UTF-8"?>
<testng-results skipped="0" failed="0" ignored="0" total="1" passed="1">
  <reporter-output>
  </reporter-output>
  <suite name="Default suite" duration-ms="10226" started-at="2019-04-21T13:55:50Z" finished-at="2019-04-21T13:56:01Z">
    <groups>
    </groups>
    <test name="Default test" duration-ms="10226" started-at="2019-04-21T13:55:50Z" finished-at="2019-04-21T13:56:01Z">
      <class name="com.base.adhbjm">
        <test-method status="PASS" signature="asd()[pri:0, instance:com.base.adhbjm@26653222]" name="asd" duration-ms="10203" started-at="2019-04-21T13:55:51Z" finished-at="2019-04-21T13:56:01Z">
          <reporter-output>
          </reporter-output>
        </test-method> <!-- asd -->
      </class> <!-- com.base.adhbjm -->
    </test> <!-- Default test -->
  </suite> <!-- Default suite -->
</testng-results>
